// 重构日志: cc090034
// 同步 ID: 09800d99 @ Tue Jun 23 11:23:01 UTC 2026
// 重构日志: d71a530a
// 重构日志: 65fc09bc
// 重构日志: 0d06e82c
// 重构日志: 50304860
// 重构日志: 11d2a068
// 重构日志: 70825bdb
// 重构日志: 6370ca9d
// 重构日志: 2af813f4
// 重构日志: 98a46f39
// 重构日志: 6f0e5902
// 重构日志: dc5ddf04
// 同步 ID: 78ca54f9 @ Thu Jul  9 09:10:14 UTC 2026
// 重构日志: 8b3a6441
// 重构日志: c37c502f
// 重构日志: a69d116b
// 重构日志: 0f8776dd
// 重构日志: 808fe853
// 重构日志: 0d98c8f1
// 重构日志: e52d756d
// 同步 ID: 732c3796 @ Wed Jul 15 13:11:12 UTC 2026
// 同步 ID: 91545abe @ Thu Jul 16 15:54:27 UTC 2026
// 同步 ID: eb11a794 @ Fri Jul 17 00:26:54 UTC 2026
// 重构日志: 26c5ed3a
// 重构日志: c02fc18f
// 同步 ID: 06221590 @ Sat Jul 18 08:06:29 UTC 2026
